# JRE version: OpenJDK Runtime Environment (21.0.8) (build 21.0.8+-14196175-b1038.72)
# Java VM: OpenJDK 64-Bit Server VM (21.0.8+-14196175-b1038.72, mixed mode, tiered, compressed oops, compressed class ptrs, g1 gc, windows-amd64)
GC Precious Log:
 CardTable entry size: 512
 Card Set container configuration: InlinePtr #cards 5 size 8 Array Of Cards #cards 12 size 40 Howl #buckets 4 coarsen threshold 1843 Howl Bitmap #cards 512 size 80 coarsen threshold 460 Card regions per heap region 1 cards per card region 2048
 CPUs: 12 total, 12 available
 Memory: 16158M
 Large Page Support: Disabled
 NUMA Support: Disabled
 Compressed Oops: Enabled (32-bit)
 Heap Region Size: 1M
 Heap Min Capacity: 8M
 Heap Initial Capacity: 254M
 Heap Max Capacity: 2G
 Pre-touch: Disabled
 Parallel Workers: 10
 Concurrent Workers: 3
 Concurrent Refinement Workers: 10
 Periodic GC: Disabled
Heap:
 garbage-first heap   total 432128K, used 313628K [0x0000000080000000, 0x0000000100000000)
  region size 1024K, 54 young (55296K), 13 survivors (13312K)
 Metaspace       used 208256K, committed 211328K, reserved 1245184K
  class space    used 27400K, committed 28864K, reserved 1048576K
GC Heap History (20 events):
Event: 19.349 GC heap before
{Heap before GC invocations=56 (full 0):
 garbage-first heap   total 367616K, used 336409K [0x0000000080000000, 0x0000000100000000)
  region size 1024K, 121 young (123904K), 11 survivors (11264K)
 Metaspace       used 180133K, committed 182784K, reserved 1245184K
  class space    used 24000K, committed 25280K, reserved 1048576K
}
Event: 19.359 GC heap after
{Heap after GC invocations=57 (full 0):
 garbage-first heap   total 367616K, used 222533K [0x0000000080000000, 0x0000000100000000)
  region size 1024K, 13 young (13312K), 13 survivors (13312K)
 Metaspace       used 180133K, committed 182784K, reserved 1245184K
  class space    used 24000K, committed 25280K, reserved 1048576K
}
Event: 19.493 GC heap before
{Heap before GC invocations=57 (full 0):
 garbage-first heap   total 367616K, used 244037K [0x0000000080000000, 0x0000000100000000)
  region size 1024K, 36 young (36864K), 13 survivors (13312K)
 Metaspace       used 180790K, committed 183424K, reserved 1245184K
  class space    used 24071K, committed 25344K, reserved 1048576K
}
Event: 19.500 GC heap after
{Heap after GC invocations=58 (full 0):
 garbage-first heap   total 367616K, used 225079K [0x0000000080000000, 0x0000000100000000)
  region size 1024K, 10 young (10240K), 10 survivors (10240K)
 Metaspace       used 180790K, committed 183424K, reserved 1245184K
  class space    used 24071K, committed 25344K, reserved 1048576K
}
Event: 20.558 GC heap before
{Heap before GC invocations=59 (full 0):
 garbage-first heap   total 377856K, used 332599K [0x0000000080000000, 0x0000000100000000)
  region size 1024K, 114 young (116736K), 10 survivors (10240K)
 Metaspace       used 192046K, committed 194816K, reserved 1245184K
  class space    used 25544K, committed 26880K, reserved 1048576K
}
Event: 20.566 GC heap after
{Heap after GC invocations=60 (full 0):
 garbage-first heap   total 377856K, used 227496K [0x0000000080000000, 0x0000000100000000)
  region size 1024K, 7 young (7168K), 7 survivors (7168K)
 Metaspace       used 192046K, committed 194816K, reserved 1245184K
  class space    used 25544K, committed 26880K, reserved 1048576K
}
Event: 27.643 GC heap before
{Heap before GC invocations=60 (full 0):
 garbage-first heap   total 377856K, used 348328K [0x0000000080000000, 0x0000000100000000)
  region size 1024K, 121 young (123904K), 7 survivors (7168K)
 Metaspace       used 196977K, committed 199744K, reserved 1245184K
  class space    used 26061K, committed 27392K, reserved 1048576K
}
Event: 27.657 GC heap after
{Heap after GC invocations=61 (full 0):
 garbage-first heap   total 377856K, used 218039K [0x0000000080000000, 0x0000000100000000)
  region size 1024K, 15 young (15360K), 15 survivors (15360K)
 Metaspace       used 196977K, committed 199744K, reserved 1245184K
  class space    used 26061K, committed 27392K, reserved 1048576K
}
Event: 192.950 GC heap before
{Heap before GC invocations=61 (full 0):
 garbage-first heap   total 377856K, used 336823K [0x0000000080000000, 0x0000000100000000)
  region size 1024K, 132 young (135168K), 15 survivors (15360K)
 Metaspace       used 200036K, committed 202880K, reserved 1245184K
  class space    used 26435K, committed 27840K, reserved 1048576K
}
Event: 192.962 GC heap after
{Heap after GC invocations=62 (full 0):
 garbage-first heap   total 377856K, used 226736K [0x0000000080000000, 0x0000000100000000)
  region size 1024K, 10 young (10240K), 10 survivors (10240K)
 Metaspace       used 200036K, committed 202880K, reserved 1245184K
  class space    used 26435K, committed 27840K, reserved 1048576K
}
Event: 1023.719 GC heap before
{Heap before GC invocations=62 (full 0):
 garbage-first heap   total 377856K, used 345520K [0x0000000080000000, 0x0000000100000000)
  region size 1024K, 127 young (130048K), 10 survivors (10240K)
 Metaspace       used 200614K, committed 203456K, reserved 1245184K
  class space    used 26452K, committed 27840K, reserved 1048576K
}
Event: 1023.727 GC heap after
{Heap after GC invocations=63 (full 0):
 garbage-first heap   total 377856K, used 223537K [0x0000000080000000, 0x0000000100000000)
  region size 1024K, 7 young (7168K), 7 survivors (7168K)
 Metaspace       used 200614K, committed 203456K, reserved 1245184K
  class space    used 26452K, committed 27840K, reserved 1048576K
}
Event: 1717.108 GC heap before
{Heap before GC invocations=64 (full 0):
 garbage-first heap   total 377856K, used 348465K [0x0000000080000000, 0x0000000100000000)
  region size 1024K, 130 young (133120K), 7 survivors (7168K)
 Metaspace       used 201215K, committed 204096K, reserved 1245184K
  class space    used 26487K, committed 27904K, reserved 1048576K
}
Event: 1717.114 GC heap after
{Heap after GC invocations=65 (full 0):
 garbage-first heap   total 377856K, used 222425K [0x0000000080000000, 0x0000000100000000)
  region size 1024K, 6 young (6144K), 6 survivors (6144K)
 Metaspace       used 201215K, committed 204096K, reserved 1245184K
  class space    used 26487K, committed 27904K, reserved 1048576K
}
Event: 1718.232 GC heap before
{Heap before GC invocations=65 (full 0):
 garbage-first heap   total 377856K, used 350425K [0x0000000080000000, 0x0000000100000000)
  region size 1024K, 132 young (135168K), 6 survivors (6144K)
 Metaspace       used 203807K, committed 206784K, reserved 1245184K
  class space    used 26856K, committed 28288K, reserved 1048576K
}
Event: 1718.274 GC heap after
{Heap after GC invocations=66 (full 0):
 garbage-first heap   total 378880K, used 232645K [0x0000000080000000, 0x0000000100000000)
  region size 1024K, 17 young (17408K), 17 survivors (17408K)
 Metaspace       used 203807K, committed 206784K, reserved 1245184K
  class space    used 26856K, committed 28288K, reserved 1048576K
}
Event: 1719.382 GC heap before
{Heap before GC invocations=66 (full 0):
 garbage-first heap   total 378880K, used 308421K [0x0000000080000000, 0x0000000100000000)
  region size 1024K, 93 young (95232K), 17 survivors (17408K)
 Metaspace       used 206974K, committed 209984K, reserved 1245184K
  class space    used 27295K, committed 28736K, reserved 1048576K
}
Event: 1719.402 GC heap after
{Heap after GC invocations=67 (full 0):
 garbage-first heap   total 378880K, used 249036K [0x0000000080000000, 0x0000000100000000)
  region size 1024K, 16 young (16384K), 16 survivors (16384K)
 Metaspace       used 206974K, committed 209984K, reserved 1245184K
  class space    used 27295K, committed 28736K, reserved 1048576K
}
Event: 1720.948 GC heap before
{Heap before GC invocations=68 (full 0):
 garbage-first heap   total 432128K, used 370892K [0x0000000080000000, 0x0000000100000000)
  region size 1024K, 104 young (106496K), 16 survivors (16384K)
 Metaspace       used 207800K, committed 210816K, reserved 1245184K
  class space    used 27355K, committed 28800K, reserved 1048576K
}
Event: 1720.978 GC heap after
{Heap after GC invocations=69 (full 0):
 garbage-first heap   total 432128K, used 273692K [0x0000000080000000, 0x0000000100000000)
  region size 1024K, 13 young (13312K), 13 survivors (13312K)
 Metaspace       used 207800K, committed 210816K, reserved 1245184K
  class space    used 27355K, committed 28800K, reserved 1048576K
}

